SF:lib\core\failure\failure.dart
DA:5,0
DA:12,0
LF:2
LH:0
end_of_record
SF:lib\features\auth\domain\entity\auth_entity.dart
DA:12,1
DA:21,0
DA:22,0
DA:23,0
DA:24,0
DA:25,0
DA:26,0
DA:27,0
DA:28,0
LF:9
LH:1
end_of_record
SF:lib\features\auth\domain\usecases\auth_usecase.dart
DA:12,0
DA:13,0
DA:14,0
DA:15,0
DA:25,0
DA:27,0
DA:28,0
DA:31,0
DA:33,0
DA:35,0
DA:36,0
DA:39,0
DA:40,0
DA:43,0
DA:44,0
DA:45,0
DA:46,0
DA:47,0
DA:50,0
LF:19
LH:0
end_of_record
SF:lib\features\auth\presentation\navigator\register_navigator.dart
DA:8,0
DA:9,0
LF:2
LH:0
end_of_record
SF:lib\features\auth\presentation\navigator\login_navigator.dart
DA:7,0
DA:12,0
DA:13,0
LF:3
LH:0
end_of_record
SF:lib\features\home\presentation\navigator\home_navigator.dart
DA:7,0
DA:8,0
DA:14,0
DA:15,0
LF:4
LH:0
end_of_record
SF:lib\features\auth\presentation\viewmodel\auth_view_model.dart
DA:12,3
DA:13,0
DA:14,0
DA:15,0
DA:20,3
DA:25,0
DA:27,0
DA:32,1
DA:33,3
DA:34,2
DA:51,1
DA:55,3
DA:56,2
DA:70,0
DA:71,0
DA:74,0
DA:75,0
DA:78,1
DA:79,2
DA:82,0
DA:83,0
DA:87,0
DA:96,0
DA:101,0
DA:102,0
DA:103,0
DA:104,0
DA:106,0
DA:107,0
DA:108,0
DA:113,0
LF:31
LH:10
end_of_record
SF:lib\core\shared_prefs\user_shared_prefs.dart
DA:6,8
DA:7,2
DA:14,0
DA:16,0
DA:17,0
DA:20,0
DA:25,0
DA:27,0
DA:28,0
DA:30,0
DA:32,0
DA:35,0
DA:37,0
DA:38,0
DA:41,0
DA:46,0
DA:48,0
DA:49,0
DA:52,0
DA:57,0
DA:59,0
DA:60,0
DA:63,0
DA:65,0
DA:68,0
LF:25
LH:2
end_of_record
SF:lib\features\auth\domain\repository\i_auth_repository.dart
DA:9,0
DA:10,0
DA:11,0
DA:12,0
DA:14,0
LF:5
LH:0
end_of_record
SF:lib\app\contants\api_endpoint.dart
DA:2,0
LF:1
LH:0
end_of_record
SF:lib\app\contants\hive_table_constant.dart
DA:2,0
LF:1
LH:0
end_of_record
SF:lib\app\navigator\navigator.dart
DA:5,0
DA:8,0
DA:9,0
DA:10,0
DA:11,0
DA:16,0
DA:17,0
DA:18,0
DA:19,0
DA:24,0
DA:25,0
DA:26,0
LF:12
LH:0
end_of_record
SF:lib\app\navigator_key\navigator_key.dart
DA:4,0
DA:6,0
LF:2
LH:0
end_of_record
SF:lib\core\common\provider\internet_connectivity.dart
DA:8,0
DA:9,0
DA:10,0
DA:17,0
DA:18,0
DA:20,0
DA:21,0
DA:22,0
DA:23,0
DA:25,0
DA:27,0
DA:28,0
DA:29,0
LF:13
LH:0
end_of_record
SF:lib\core\common\provider\theme_view_model_provider.dart
DA:3,0
DA:4,0
DA:7,0
DA:9,0
DA:10,0
LF:5
LH:0
end_of_record
SF:lib\core\common\show_my_snackbar.dart
DA:4,0
DA:8,0
DA:10,0
DA:11,0
DA:12,0
DA:13,0
LF:6
LH:0
end_of_record
SF:lib\core\common\widgets\my_property_card.dart
DA:144,0
DA:146,0
DA:148,0
DA:149,0
DA:150,0
DA:151,0
DA:152,0
DA:154,0
DA:155,0
DA:156,0
DA:157,0
DA:158,0
DA:159,0
DA:166,0
DA:167,0
DA:168,0
DA:170,0
DA:171,0
DA:172,0
DA:173,0
DA:174,0
DA:176,0
DA:177,0
DA:178,0
DA:181,0
DA:182,0
DA:183,0
DA:188,0
DA:193,0
DA:202,0
DA:203,0
DA:204,0
DA:206,0
DA:207,0
DA:208,0
DA:209,0
DA:216,0
DA:217,0
DA:218,0
DA:220,0
DA:224,0
DA:225,0
DA:226,0
DA:228,0
DA:232,0
DA:233,0
DA:234,0
DA:236,0
DA:244,0
DA:247,0
DA:249,0
DA:254,0
DA:260,0
DA:263,0
DA:264,0
DA:268,0
DA:269,0
DA:271,0
DA:272,0
DA:273,0
DA:275,0
DA:276,0
DA:277,0
LF:63
LH:0
end_of_record
SF:lib\features\home\domain\entity\property_entity.dart
DA:11,2
DA:20,0
DA:21,0
LF:3
LH:1
end_of_record
SF:lib\features\single_property\presentation\widgets\my_single_property.dart
DA:15,0
DA:22,0
DA:24,0
DA:26,0
DA:27,0
DA:28,0
DA:30,0
DA:32,0
DA:33,0
DA:34,0
DA:35,0
DA:40,0
DA:41,0
DA:42,0
DA:44,0
DA:46,0
DA:48,0
DA:49,0
DA:50,0
DA:52,0
DA:54,0
DA:55,0
DA:56,0
DA:57,0
DA:62,0
DA:63,0
DA:64,0
DA:73,0
DA:74,0
DA:75,0
DA:83,0
DA:84,0
DA:93,0
DA:94,0
DA:95,0
DA:96,0
DA:97,0
DA:99,0
DA:100,0
DA:101,0
DA:106,0
DA:107,0
DA:110,0
DA:111,0
DA:130,0
DA:132,0
DA:134,0
DA:135,0
DA:136,0
LF:49
LH:0
end_of_record
SF:lib\core\networking\local\hive_service.dart
DA:7,0
DA:10,0
DA:11,0
DA:12,0
DA:16,0
DA:22,0
DA:23,0
DA:24,0
DA:28,0
DA:29,0
DA:30,0
DA:31,0
DA:32,0
DA:37,0
DA:38,0
DA:39,0
DA:43,0
DA:44,0
DA:45,0
DA:46,0
DA:47,0
LF:21
LH:0
end_of_record
SF:lib\features\auth\data\model\auth_hive_model.dart
DA:8,0
DA:9,0
DA:31,0
DA:38,0
DA:40,0
DA:41,0
DA:50,0
DA:51,0
DA:52,0
DA:53,0
DA:54,0
DA:55,0
DA:56,0
DA:59,0
DA:60,0
DA:61,0
DA:62,0
DA:63,0
DA:64,0
DA:65,0
DA:68,0
DA:69,0
DA:71,0
DA:72,0
DA:74,0
DA:76,0
LF:26
LH:0
end_of_record
SF:lib\features\auth\data\model\auth_hive_model.g.dart
DA:13,0
DA:15,0
DA:16,0
DA:17,0
DA:19,0
DA:20,0
DA:21,0
DA:22,0
DA:23,0
DA:24,0
DA:25,0
DA:29,0
DA:32,0
DA:33,0
DA:34,0
DA:35,0
DA:36,0
DA:37,0
DA:38,0
DA:39,0
DA:40,0
DA:41,0
DA:42,0
DA:43,0
DA:44,0
DA:47,0
DA:48,0
DA:50,0
DA:53,0
DA:54,0
DA:55,0
LF:31
LH:0
end_of_record
SF:lib\core\networking\remote\dio_error_interceptor.dart
DA:4,0
DA:6,0
DA:8,0
DA:9,0
DA:10,0
DA:11,0
DA:12,0
DA:13,0
DA:16,0
DA:17,0
DA:18,0
DA:20,0
DA:25,0
DA:26,0
DA:28,0
DA:31,0
LF:16
LH:0
end_of_record
SF:lib\core\networking\remote\http_service.dart
DA:9,3
DA:10,4
DA:16,2
DA:18,1
DA:19,1
DA:20,2
DA:21,2
DA:22,2
DA:23,3
DA:24,3
DA:26,3
LF:11
LH:11
end_of_record
SF:lib\features\auth\data\data_source\local\auth_local_data_source.dart
DA:8,0
DA:9,0
DA:10,0
DA:17,0
DA:22,0
DA:25,0
DA:26,0
DA:27,0
DA:31,0
DA:33,0
DA:36,0
DA:41,0
DA:43,0
DA:45,0
DA:46,0
DA:50,0
LF:16
LH:0
end_of_record
SF:lib\features\auth\data\data_source\remote\auth_remote_data_source.dart
DA:11,0
DA:12,0
DA:13,0
DA:14,0
DA:15,0
DA:24,0
DA:30,0
DA:32,0
DA:34,0
DA:36,0
DA:39,0
DA:40,0
DA:41,0
DA:42,0
DA:44,0
DA:45,0
DA:49,0
DA:52,0
DA:53,0
DA:55,0
DA:56,0
DA:57,0
DA:62,0
DA:63,0
DA:64,0
DA:65,0
DA:66,0
DA:69,0
DA:71,0
DA:73,0
DA:75,0
DA:76,0
DA:77,0
DA:80,0
DA:81,0
DA:82,0
DA:83,0
DA:85,0
DA:86,0
DA:90,0
DA:93,0
DA:94,0
DA:95,0
DA:96,0
DA:98,0
DA:100,0
DA:101,0
DA:104,0
DA:107,0
DA:108,0
DA:109,0
DA:110,0
DA:112,0
DA:113,0
DA:117,0
DA:120,0
DA:121,0
DA:122,0
DA:123,0
DA:125,0
DA:127,0
DA:128,0
DA:132,0
DA:133,0
DA:135,0
DA:136,0
DA:137,0
DA:138,0
DA:140,0
DA:141,0
LF:70
LH:0
end_of_record
SF:lib\features\auth\data\model\auth_api_model.dart
DA:9,0
DA:10,0
DA:22,0
DA:31,14
DA:39,0
DA:40,0
DA:41,0
DA:42,0
DA:43,0
DA:44,0
DA:45,0
DA:46,0
DA:50,0
DA:51,0
DA:52,0
DA:53,0
DA:54,0
DA:55,0
DA:56,0
DA:60,0
DA:61,0
DA:63,0
DA:65,0
DA:66,0
DA:67,0
DA:68,0
DA:69,0
DA:70,0
DA:71,0
DA:72,0
LF:30
LH:1
end_of_record
SF:lib\features\auth\data\model\auth_api_model.g.dart
DA:9,0
DA:10,0
DA:11,0
DA:12,0
DA:13,0
DA:14,0
DA:15,0
DA:18,0
DA:19,0
DA:20,0
DA:21,0
DA:22,0
DA:23,0
DA:24,0
DA:25,0
LF:15
LH:0
end_of_record
SF:lib\features\auth\data\repository\auth_local_repository.dart
DA:9,0
DA:10,0
DA:11,0
DA:18,0
DA:20,0
DA:22,0
DA:25,0
DA:27,0
DA:30,0
DA:33,0
DA:36,0
DA:39,0
DA:42,0
DA:45,0
LF:14
LH:0
end_of_record
SF:lib\features\auth\data\repository\auth_remote_repository.dart
DA:8,0
DA:9,0
DA:10,0
DA:17,0
DA:19,0
DA:21,0
DA:24,0
DA:26,0
DA:29,0
DA:31,0
DA:34,0
DA:36,0
DA:39,0
DA:41,0
LF:14
LH:0
end_of_record
SF:lib\features\auth\presentation\view\login_view.dart
DA:7,22
DA:9,1
DA:10,1
DA:18,1
DA:20,1
DA:21,1
DA:22,1
DA:23,1
DA:25,1
DA:26,1
DA:27,1
DA:29,1
DA:30,1
DA:44,1
DA:45,1
DA:49,1
DA:50,1
DA:53,2
DA:60,1
DA:61,1
DA:65,1
DA:66,1
DA:69,2
DA:76,1
DA:78,1
DA:79,1
DA:81,1
DA:82,1
DA:87,1
DA:88,3
DA:89,0
DA:90,0
DA:99,1
DA:100,1
DA:103,0
DA:104,0
DA:105,0
DA:106,0
DA:111,1
DA:113,1
DA:115,1
DA:116,1
DA:117,1
DA:119,1
DA:120,1
DA:158,1
DA:160,1
DA:161,1
DA:164,1
DA:165,1
DA:167,0
DA:173,1
DA:176,1
DA:177,1
DA:179,0
DA:195,1
DA:203,1
DA:205,1
DA:207,1
DA:208,1
DA:209,1
LF:61
LH:53
end_of_record
SF:lib\features\auth\presentation\view\register_view.dart
DA:8,15
DA:10,2
DA:11,2
DA:24,2
DA:26,2
DA:28,2
DA:29,2
DA:30,2
DA:32,2
DA:33,2
DA:34,2
DA:37,2
DA:38,2
DA:53,2
DA:54,2
DA:57,0
DA:58,0
DA:65,2
DA:66,2
DA:69,0
DA:70,0
DA:77,2
DA:78,2
DA:82,0
DA:83,0
DA:86,0
DA:93,2
DA:94,2
DA:97,0
DA:98,0
DA:101,0
DA:108,2
DA:109,2
DA:112,0
DA:113,0
DA:116,0
DA:123,2
DA:124,2
DA:127,0
DA:128,0
DA:131,0
DA:138,2
DA:139,2
DA:141,2
DA:142,2
DA:147,0
DA:148,0
DA:149,0
DA:150,0
DA:151,0
DA:152,0
DA:153,0
DA:154,0
DA:157,0
DA:158,0
DA:159,0
DA:165,2
DA:167,2
DA:169,2
DA:170,0
DA:171,0
DA:173,0
DA:174,0
DA:190,2
DA:198,2
DA:200,2
DA:202,2
DA:203,2
DA:204,2
DA:215,2
DA:223,2
DA:225,2
DA:227,2
DA:228,2
DA:229,2
LF:75
LH:44
end_of_record
SF:lib\features\auth\presentation\state\auth_state.dart
DA:6,1
DA:12,1
DA:13,1
DA:20,1
DA:25,1
DA:26,0
DA:27,1
DA:28,1
DA:32,0
DA:33,0
LF:10
LH:7
end_of_record
SF:lib\features\booking\data\data_source\remote\booking_remote_data_source.dart
DA:93,2
DA:94,2
DA:95,1
DA:96,4
DA:103,1
DA:105,0
DA:108,0
DA:110,0
DA:111,0
DA:112,0
DA:113,0
DA:114,0
DA:115,0
DA:117,0
DA:118,0
DA:119,0
DA:122,0
DA:125,0
DA:128,0
DA:132,0
DA:135,0
DA:137,0
DA:139,0
DA:141,0
DA:142,0
DA:145,0
DA:146,0
DA:147,0
DA:149,0
DA:152,0
LF:30
LH:5
end_of_record
SF:lib\features\booking\data\dto\get_booking_dto.dart
DA:11,0
DA:13,0
DA:14,0
DA:16,0
LF:4
LH:0
end_of_record
SF:lib\features\booking\data\dto\get_booking_dto.g.dart
DA:9,0
DA:10,0
DA:11,0
DA:12,0
DA:13,0
DA:14,0
DA:17,0
DA:18,0
DA:19,0
DA:20,0
LF:10
LH:0
end_of_record
SF:lib\features\booking\data\model\booking_api_model.dart
DA:86,0
DA:87,0
DA:104,0
DA:115,0
DA:119,0
DA:126,0
DA:127,0
DA:130,0
DA:133,0
DA:134,0
DA:135,0
DA:136,0
DA:137,0
DA:138,0
DA:139,0
DA:140,0
DA:141,0
DA:142,0
DA:147,0
DA:148,0
DA:149,0
DA:150,0
DA:151,0
DA:152,0
DA:153,0
DA:154,0
DA:155,0
DA:159,0
DA:160,0
DA:162,0
DA:163,0
DA:164,0
DA:165,0
DA:166,0
DA:167,0
DA:168,0
DA:169,0
DA:170,0
DA:171,0
LF:39
LH:0
end_of_record
SF:lib\features\booking\data\model\booking_api_model.g.dart
DA:9,0
DA:10,0
DA:11,0
DA:12,0
DA:13,0
DA:14,0
DA:15,0
DA:16,0
DA:17,0
DA:18,0
DA:20,0
DA:23,0
DA:24,0
DA:25,0
DA:26,0
DA:27,0
DA:28,0
DA:29,0
DA:30,0
DA:31,0
DA:32,0
LF:21
LH:0
end_of_record
SF:lib\features\booking\domain\entity\booking_entity.dart
DA:14,1
DA:25,0
DA:26,0
DA:27,0
DA:28,0
DA:29,0
DA:30,0
DA:31,0
DA:32,0
DA:33,0
DA:34,0
LF:11
LH:1
end_of_record
SF:lib\features\booking\data\repository\booking_remote_repository.dart
DA:36,2
DA:37,2
DA:38,1
DA:39,2
DA:45,1
DA:47,0
DA:50,0
DA:53,0
DA:55,0
LF:9
LH:5
end_of_record
SF:lib\features\booking\domain\repository\booking_repository.dart
DA:21,4
DA:22,2
LF:2
LH:2
end_of_record
SF:lib\features\booking\domain\usecases\booking_usecase.dart
DA:37,4
DA:38,3
DA:44,1
DA:46,0
DA:47,0
DA:50,0
DA:51,0
LF:7
LH:3
end_of_record
SF:lib\features\booking\presentation\state\booking_state.dart
DA:44,2
DA:46,2
DA:47,2
DA:53,1
DA:57,1
DA:58,1
DA:59,0
LF:7
LH:6
end_of_record
SF:lib\features\booking\presentation\view\booking_view.dart
DA:10,1
DA:11,1
DA:12,1
DA:26,1
DA:28,3
DA:29,4
DA:31,1
DA:32,1
DA:35,1
DA:37,1
DA:38,1
DA:39,1
DA:41,1
DA:51,1
DA:52,1
DA:55,1
DA:56,1
DA:63,1
DA:64,1
DA:68,1
DA:69,1
DA:76,1
DA:77,1
DA:81,1
DA:82,1
DA:89,1
DA:91,1
DA:93,1
DA:94,1
DA:95,1
DA:96,3
DA:99,0
DA:101,0
DA:103,0
DA:104,0
DA:110,0
DA:113,1
DA:116,1
DA:117,1
DA:124,1
DA:136,1
DA:143,1
DA:146,1
DA:148,1
DA:149,1
DA:150,1
DA:158,1
DA:159,1
DA:160,1
DA:162,1
DA:165,1
DA:166,1
DA:170,0
DA:171,0
DA:172,0
DA:173,0
DA:174,0
DA:175,0
DA:177,0
DA:178,0
DA:179,0
DA:180,0
DA:184,1
DA:185,1
DA:193,1
DA:194,1
DA:195,1
DA:197,1
DA:200,1
DA:201,1
DA:205,0
DA:206,0
DA:207,0
DA:208,0
DA:210,0
DA:211,0
DA:212,0
DA:213,0
DA:217,1
DA:218,1
LF:80
LH:57
end_of_record
SF:lib\features\booking\presentation\viewmodel\booking_viewmodel.dart
DA:80,4
DA:81,3
DA:82,2
DA:83,1
DA:89,2
DA:90,4
DA:92,1
DA:93,3
DA:94,2
LF:9
LH:9
end_of_record
SF:lib\features\favourite\presentation\view\favourite_view.dart
DA:5,7
DA:7,0
DA:10,0
DA:11,0
DA:17,0
DA:23,0
DA:31,0
DA:32,0
DA:36,0
DA:43,0
DA:44,0
DA:45,0
DA:46,0
DA:47,0
DA:53,0
DA:55,0
DA:57,0
DA:58,0
DA:59,0
DA:61,0
DA:63,0
DA:70,0
DA:71,0
DA:72,0
DA:74,0
DA:88,0
DA:90,0
DA:96,0
DA:97,0
DA:100,0
DA:102,0
DA:104,0
DA:105,0
DA:106,0
DA:112,0
LF:35
LH:1
end_of_record
SF:lib\features\home\data\data_source\remote\property_remote_data_source.dart
DA:19,0
DA:20,0
DA:21,0
DA:22,0
DA:23,0
DA:35,0
DA:41,0
DA:44,0
DA:45,0
DA:46,0
DA:48,0
DA:52,0
DA:53,0
DA:54,0
DA:58,0
DA:59,0
DA:60,0
DA:62,0
DA:63,0
DA:64,0
DA:65,0
DA:66,0
DA:70,0
DA:73,0
DA:74,0
DA:75,0
DA:76,0
DA:80,0
DA:83,0
DA:84,0
DA:85,0
DA:86,0
DA:87,0
DA:92,0
DA:93,0
DA:95,0
DA:96,0
DA:97,0
DA:100,0
DA:101,0
DA:102,0
DA:104,0
DA:105,0
LF:43
LH:0
end_of_record
SF:lib\features\home\data\dto\pagination_dto.dart
DA:12,0
DA:18,0
DA:20,0
DA:21,0
LF:4
LH:0
end_of_record
SF:lib\features\home\data\dto\pagination_dto.g.dart
DA:9,0
DA:10,0
DA:11,0
DA:12,0
DA:13,0
DA:14,0
DA:15,0
DA:18,0
DA:19,0
DA:20,0
DA:21,0
DA:22,0
LF:12
LH:0
end_of_record
SF:lib\features\home\data\model\property_api_model.dart
DA:10,0
DA:11,0
DA:23,0
DA:32,7
DA:40,0
DA:41,0
DA:43,0
DA:46,0
DA:47,0
DA:48,0
DA:49,0
DA:50,0
DA:51,0
DA:52,0
DA:53,0
DA:58,0
DA:59,0
DA:60,0
DA:61,0
DA:62,0
DA:63,0
DA:64,0
DA:65,0
DA:70,0
DA:71,0
DA:74,0
DA:75,0
DA:78,0
DA:79,0
DA:80,0
DA:81,0
DA:82,0
DA:83,0
DA:84,0
DA:85,0
LF:35
LH:1
end_of_record
SF:lib\features\home\data\model\property_api_model.g.dart
DA:9,0
DA:10,0
DA:11,0
DA:12,0
DA:13,0
DA:14,0
DA:15,0
DA:16,0
DA:19,0
DA:20,0
DA:21,0
DA:22,0
DA:23,0
DA:24,0
DA:25,0
DA:26,0
LF:16
LH:0
end_of_record
SF:lib\features\home\data\repository\property_remote_repository.dart
DA:9,0
DA:10,0
DA:11,0
DA:18,0
DA:20,0
DA:22,0
DA:25,0
DA:27,0
LF:8
LH:0
end_of_record
SF:lib\features\home\domain\repository\property_repository.dart
DA:7,0
DA:8,0
LF:2
LH:0
end_of_record
SF:lib\features\home\domain\usecases\property_usecase.dart
DA:7,0
DA:8,0
DA:9,0
DA:15,0
DA:17,0
DA:18,0
DA:22,0
DA:23,0
LF:8
LH:0
end_of_record
SF:lib\features\home\presentation\view\home_view.dart
DA:9,7
DA:11,0
DA:12,0
DA:69,0
DA:71,0
DA:72,0
DA:73,0
DA:92,0
DA:93,0
DA:94,0
DA:95,0
LF:11
LH:1
end_of_record
SF:lib\features\home\presentation\state\property_state.dart
DA:9,1
DA:16,1
DA:17,1
DA:18,1
DA:25,1
DA:31,1
DA:32,1
DA:33,1
DA:34,1
DA:35,1
LF:10
LH:10
end_of_record
SF:lib\features\home\presentation\view\bottom_view\dashboard_view.dart
DA:196,7
DA:198,0
DA:199,0
DA:207,0
DA:209,0
DA:210,0
DA:211,0
DA:214,0
DA:216,0
DA:217,0
DA:218,0
DA:219,0
DA:220,0
DA:223,0
DA:224,0
DA:225,0
DA:226,0
DA:228,0
DA:229,0
DA:230,0
DA:231,0
DA:232,0
DA:236,0
DA:237,0
DA:239,0
DA:240,0
DA:241,0
DA:242,0
DA:246,0
DA:247,0
DA:252,0
DA:253,0
DA:254,0
DA:256,0
DA:257,0
DA:258,0
DA:259,0
DA:260,0
DA:261,0
DA:262,0
DA:265,0
DA:266,0
DA:270,0
DA:271,0
DA:276,0
DA:277,0
DA:278,0
DA:281,0
DA:282,0
DA:285,0
DA:286,0
DA:287,0
DA:292,0
DA:294,0
DA:297,0
DA:299,0
DA:300,0
DA:302,0
DA:303,0
DA:316,0
DA:328,0
DA:330,0
DA:331,0
DA:332,0
DA:333,0
DA:335,0
DA:341,0
DA:343,0
DA:346,0
DA:354,0
DA:357,0
DA:365,0
DA:366,0
DA:367,0
DA:368,0
DA:371,0
DA:372,0
LF:77
LH:1
end_of_record
SF:lib\features\home\presentation\viewmodel\property_viewmodel.dart
DA:5,2
DA:6,1
DA:7,0
DA:8,0
DA:12,1
DA:13,2
DA:14,1
DA:19,1
DA:20,2
DA:21,1
DA:24,1
DA:25,3
DA:26,1
DA:27,2
DA:28,1
DA:29,1
DA:32,2
DA:33,1
DA:34,0
DA:35,0
DA:36,1
DA:37,1
DA:38,3
DA:40,3
DA:41,2
LF:25
LH:21
end_of_record
SF:lib\features\mybooking\presentation\view\booking_list_view.dart
DA:7,14
DA:9,0
DA:11,0
DA:13,0
DA:14,0
DA:17,0
DA:19,0
DA:20,0
DA:21,0
DA:23,0
DA:25,0
DA:27,0
DA:36,0
DA:38,0
DA:39,0
DA:41,0
DA:42,0
DA:44,0
DA:45,0
DA:46,0
DA:52,0
DA:53,0
DA:54,0
DA:60,0
DA:67,0
DA:68,0
DA:70,0
DA:73,0
DA:74,0
DA:75,0
DA:76,0
DA:77,0
DA:81,0
DA:82,0
DA:83,0
DA:84,0
DA:93,0
DA:97,0
DA:99,0
DA:101,0
DA:102,0
DA:103,0
DA:104,0
DA:105,0
LF:44
LH:1
end_of_record
SF:lib\features\profile\presentation\view\profile_view.dart
DA:9,7
DA:11,0
DA:12,0
DA:19,0
DA:21,0
DA:23,0
DA:27,0
DA:28,0
DA:32,0
DA:34,0
DA:35,0
DA:37,0
DA:39,0
DA:41,0
DA:42,0
DA:45,0
DA:46,0
DA:47,0
DA:48,0
DA:49,0
DA:53,0
DA:56,0
DA:57,0
DA:58,0
DA:63,0
DA:64,0
DA:65,0
DA:68,0
DA:69,0
DA:73,0
DA:75,0
DA:76,0
DA:79,0
DA:80,0
DA:81,0
DA:83,0
DA:84,0
DA:85,0
DA:88,0
DA:89,0
DA:90,0
DA:91,0
LF:42
LH:1
end_of_record
SF:lib\features\mybooking\presentation\navigator\booking_list_navigator.dart
DA:6,0
DA:7,0
DA:13,0
DA:14,0
LF:4
LH:0
end_of_record
SF:lib\features\payment\navigator\kpay_navigator.dart
DA:5,0
DA:6,0
DA:12,0
DA:13,0
LF:4
LH:0
end_of_record
SF:lib\features\mybooking\presentation\state\booking_list_state.dart
DA:8,0
DA:13,0
DA:14,0
DA:17,0
DA:21,0
DA:26,0
DA:27,0
DA:28,0
DA:29,0
LF:9
LH:0
end_of_record
SF:lib\features\mybooking\presentation\viewmodel\booking_list_view_model.dart
DA:6,0
DA:7,0
DA:8,0
DA:9,0
DA:10,0
DA:12,0
DA:19,0
DA:20,0
DA:21,0
DA:24,0
DA:25,0
DA:26,0
DA:27,0
DA:28,0
DA:29,0
DA:31,0
DA:32,0
DA:40,0
DA:41,0
DA:44,0
LF:20
LH:0
end_of_record
SF:lib\features\payment\view\kpay_view.dart
DA:5,7
DA:7,0
DA:8,0
DA:14,0
DA:16,0
DA:17,0
DA:20,0
DA:21,0
DA:25,0
DA:26,0
DA:27,0
DA:28,0
DA:32,0
DA:33,0
DA:34,0
DA:46,0
DA:47,0
DA:48,0
DA:57,0
DA:60,0
DA:61,0
DA:62,0
DA:66,0
DA:67,0
DA:68,0
DA:69,0
DA:70,0
DA:72,0
DA:73,0
DA:75,0
DA:76,0
DA:77,0
DA:80,0
DA:88,0
DA:89,0
DA:90,0
DA:94,0
DA:95,0
LF:38
LH:1
end_of_record
SF:lib\features\profile\presentation\state\profile_state.dart
DA:9,0
DA:15,0
DA:16,0
DA:23,0
DA:28,0
DA:29,0
DA:30,0
DA:31,0
DA:33,0
LF:9
LH:0
end_of_record
SF:lib\features\profile\presentation\view_model\profile_view_model.dart
DA:14,0
DA:15,0
DA:16,0
DA:17,0
DA:19,0
DA:28,0
DA:32,0
DA:33,0
DA:36,0
DA:37,0
DA:38,0
DA:39,0
DA:40,0
DA:43,0
DA:45,0
DA:46,0
DA:47,0
DA:48,0
DA:49,0
DA:50,0
DA:52,0
DA:53,0
DA:54,0
DA:58,0
DA:60,0
DA:64,0
DA:65,0
DA:66,0
DA:67,0
DA:72,0
DA:73,0
DA:74,0
DA:75,0
DA:76,0
DA:78,0
DA:82,0
DA:91,0
DA:96,0
DA:97,0
DA:98,0
DA:103,0
DA:104,0
DA:105,0
DA:106,0
DA:107,0
DA:108,0
DA:110,0
DA:111,0
DA:112,0
DA:114,0
DA:120,0
DA:124,0
DA:125,0
DA:128,0
DA:129,0
LF:55
LH:0
end_of_record
SF:lib\features\profile\presentation\widgets\profile_menu.dart
DA:5,0
DA:15,0
DA:17,0
DA:19,0
DA:20,0
DA:24,0
DA:25,0
DA:27,0
DA:28,0
DA:29,0
DA:35,0
LF:11
LH:0
end_of_record
SF:lib\features\single_property\presentation\viewmodel\single_property_view_model.dart
DA:10,2
DA:11,1
DA:12,0
DA:13,0
DA:14,0
DA:18,1
DA:21,2
DA:26,1
DA:27,3
DA:28,2
DA:29,1
DA:30,0
DA:31,0
DA:32,1
DA:33,3
DA:41,0
DA:42,0
DA:43,0
DA:44,0
DA:47,0
DA:48,0
DA:52,0
LF:22
LH:10
end_of_record
SF:lib\features\single_property\presentation\state\single_property_state.dart
DA:11,1
DA:18,2
DA:25,1
DA:31,1
DA:32,1
DA:33,0
DA:34,1
DA:35,1
LF:8
LH:7
end_of_record
